<?xml version="1.0" encoding="UTF-8"?>
<!-- Generated by org.testng.reporters.JUnitReportReporter -->
<testsuite hostname="BRAIN" failures="0" tests="1" name="util.Report_log4j" time="0.067" errors="0" timestamp="2023-08-30T10:58:33 IST" skipped="0">
  <testcase classname="util.Report_log4j" name="console" time="0.067"/>
</testsuite> <!-- util.Report_log4j -->
