<?xml version="1.0" encoding="UTF-8"?>
<!-- Generated by org.testng.reporters.JUnitReportReporter -->
<testsuite hostname="BRAIN" failures="0" tests="1" name="util.Report_1" time="1.195" errors="0" timestamp="2023-08-31T16:49:55 IST" skipped="0">
  <testcase classname="util.Report_1" name="test1" time="1.195"/>
</testsuite> <!-- util.Report_1 -->
