<?xml version="1.0" encoding="UTF-8"?>
<!-- Generated by org.testng.reporters.JUnitReportReporter -->
<testsuite hostname="BRAIN" failures="0" tests="1" name="runner_script.Facebook_Ddt" time="6.907" errors="0" timestamp="2023-08-29T12:11:33 IST" skipped="0">
  <testcase classname="runner_script.Facebook_Ddt" name="test1" time="6.907"/>
</testsuite> <!-- runner_script.Facebook_Ddt -->
