<?xml version="1.0" encoding="UTF-8"?>
<!-- Generated by org.testng.reporters.JUnitReportReporter -->
<testsuite hostname="BRAIN" failures="0" tests="1" name="util.Store_links_exel" time="23.891" errors="0" timestamp="2023-08-30T12:27:22 IST" skipped="0">
  <testcase classname="util.Store_links_exel" name="ddt" time="23.891"/>
</testsuite> <!-- util.Store_links_exel -->
